d:\coding\git_repositories\ubisoft-next-2026\ubisofttorontoapi_dec102025update\build\win64\debug\contestapi.pdb
d:\coding\git_repositories\ubisoft-next-2026\ubisofttorontoapi_dec102025update\build\win64\contestapi.dir\debug\stb_image.obj
d:\coding\git_repositories\ubisoft-next-2026\ubisofttorontoapi_dec102025update\build\win64\contestapi.dir\debug\miniaudio.obj
d:\coding\git_repositories\ubisoft-next-2026\ubisofttorontoapi_dec102025update\build\win64\contestapi.dir\debug\main.obj
d:\coding\git_repositories\ubisoft-next-2026\ubisofttorontoapi_dec102025update\build\win64\contestapi.dir\debug\app.obj
d:\coding\git_repositories\ubisoft-next-2026\ubisofttorontoapi_dec102025update\build\win64\contestapi.dir\debug\simplesprite.obj
d:\coding\git_repositories\ubisoft-next-2026\ubisofttorontoapi_dec102025update\build\win64\contestapi.dir\debug\simplesound.obj
d:\coding\git_repositories\ubisoft-next-2026\ubisofttorontoapi_dec102025update\build\win64\contestapi.dir\debug\simplecontroller.obj
d:\coding\git_repositories\ubisoft-next-2026\ubisofttorontoapi_dec102025update\build\win64\cmakefiles\generate.stamp
d:\coding\git_repositories\ubisoft-next-2026\ubisofttorontoapi_dec102025update\build\win64\debug\contestapi.lib
d:\coding\git_repositories\ubisoft-next-2026\ubisofttorontoapi_dec102025update\build\win64\contestapi.dir\debug\contestapi.tlog\cl.command.1.tlog
d:\coding\git_repositories\ubisoft-next-2026\ubisofttorontoapi_dec102025update\build\win64\contestapi.dir\debug\contestapi.tlog\cl.items.tlog
d:\coding\git_repositories\ubisoft-next-2026\ubisofttorontoapi_dec102025update\build\win64\contestapi.dir\debug\contestapi.tlog\cl.read.1.tlog
d:\coding\git_repositories\ubisoft-next-2026\ubisofttorontoapi_dec102025update\build\win64\contestapi.dir\debug\contestapi.tlog\cl.write.1.tlog
d:\coding\git_repositories\ubisoft-next-2026\ubisofttorontoapi_dec102025update\build\win64\contestapi.dir\debug\contestapi.tlog\custombuild.command.1.tlog
d:\coding\git_repositories\ubisoft-next-2026\ubisofttorontoapi_dec102025update\build\win64\contestapi.dir\debug\contestapi.tlog\custombuild.read.1.tlog
d:\coding\git_repositories\ubisoft-next-2026\ubisofttorontoapi_dec102025update\build\win64\contestapi.dir\debug\contestapi.tlog\custombuild.write.1.tlog
d:\coding\git_repositories\ubisoft-next-2026\ubisofttorontoapi_dec102025update\build\win64\contestapi.dir\debug\contestapi.tlog\lib-link.read.1.tlog
d:\coding\git_repositories\ubisoft-next-2026\ubisofttorontoapi_dec102025update\build\win64\contestapi.dir\debug\contestapi.tlog\lib-link.write.1.tlog
d:\coding\git_repositories\ubisoft-next-2026\ubisofttorontoapi_dec102025update\build\win64\contestapi.dir\debug\contestapi.tlog\lib.command.1.tlog
