  1>Checking Build System
  CMake is re-running because generate.stamp.list is missing.
  -- Selecting Windows SDK version 10.0.26100.0 to target Windows .
  -- The C compiler identification is MSVC 19.44.35220.0
  -- The CXX compiler identification is MSVC 19.44.35220.0
  -- Detecting C compiler ABI info
  -- Detecting C compiler ABI info - done
  -- Check for working C compiler: D:/PC_Tool/VisualStudio/VC/Tools/MSVC/14.44.35207/bin/Hostx64/x64/cl.exe - skipped
  -- Detecting C compile features
  -- Detecting C compile features - done
  -- Detecting CXX compiler ABI info
  -- Detecting CXX compiler ABI info - done
  -- Check for working CXX compiler: D:/PC_Tool/VisualStudio/VC/Tools/MSVC/14.44.35207/bin/Hostx64/x64/cl.exe - skipped
  -- Detecting CXX compile features
  -- Detecting CXX compile features - done
  -- System Name is Windows
  -- Compiler Name is MSVC
  -- Project Source Dir is D:/Coding/Git_repositories/Ubisoft-NEXT-2026/UbisoftTorontoAPI_DEC102025Update
  -- Vendor Source Dir is D:/Coding/Git_repositories/Ubisoft-NEXT-2026/UbisoftTorontoAPI_DEC102025Update/src/ContestAPI/vendor
  -- Project Runtime DLLS: $<TARGET_RUNTIME_DLLS:Game>
  -- Configuring done (3.5s)
  -- Generating done (0.1s)
  -- Build files have been written to: D:/Coding/Git_repositories/Ubisoft-NEXT-2026/UbisoftTorontoAPI_DEC102025Update/build/win64
