d:\coding\git_repositories\ubisoft-next-2026\ubisofttorontoapi_dec102025update\build\win64\game.dir\debug\vc143.pdb
d:\coding\git_repositories\ubisoft-next-2026\ubisofttorontoapi_dec102025update\build\win64\game.dir\debug\renderhelper.obj
d:\coding\git_repositories\ubisoft-next-2026\ubisofttorontoapi_dec102025update\build\win64\game.dir\debug\gametest.obj
d:\coding\git_repositories\ubisoft-next-2026\ubisofttorontoapi_dec102025update\build\win64\game.dir\debug\system.obj
d:\coding\git_repositories\ubisoft-next-2026\ubisofttorontoapi_dec102025update\build\win64\game.dir\debug\collision.obj
d:\coding\git_repositories\ubisoft-next-2026\ubisofttorontoapi_dec102025update\build\win64\game.dir\debug\vec2.obj
d:\coding\git_repositories\ubisoft-next-2026\ubisofttorontoapi_dec102025update\build\win64\cmakefiles\generate.stamp
d:\coding\git_repositories\ubisoft-next-2026\ubisofttorontoapi_dec102025update\build\win64\debug\game.exe
d:\coding\git_repositories\ubisoft-next-2026\ubisofttorontoapi_dec102025update\build\win64\debug\game.pdb
d:\coding\git_repositories\ubisoft-next-2026\ubisofttorontoapi_dec102025update\build\win64\game.dir\debug\game.ilk
d:\coding\git_repositories\ubisoft-next-2026\ubisofttorontoapi_dec102025update\build\win64\game.dir\debug\game.tlog\cl.command.1.tlog
d:\coding\git_repositories\ubisoft-next-2026\ubisofttorontoapi_dec102025update\build\win64\game.dir\debug\game.tlog\cl.items.tlog
d:\coding\git_repositories\ubisoft-next-2026\ubisofttorontoapi_dec102025update\build\win64\game.dir\debug\game.tlog\cl.read.1.tlog
d:\coding\git_repositories\ubisoft-next-2026\ubisofttorontoapi_dec102025update\build\win64\game.dir\debug\game.tlog\cl.write.1.tlog
d:\coding\git_repositories\ubisoft-next-2026\ubisofttorontoapi_dec102025update\build\win64\game.dir\debug\game.tlog\custombuild.command.1.tlog
d:\coding\git_repositories\ubisoft-next-2026\ubisofttorontoapi_dec102025update\build\win64\game.dir\debug\game.tlog\custombuild.read.1.tlog
d:\coding\git_repositories\ubisoft-next-2026\ubisofttorontoapi_dec102025update\build\win64\game.dir\debug\game.tlog\custombuild.write.1.tlog
d:\coding\git_repositories\ubisoft-next-2026\ubisofttorontoapi_dec102025update\build\win64\game.dir\debug\game.tlog\link.command.1.tlog
d:\coding\git_repositories\ubisoft-next-2026\ubisofttorontoapi_dec102025update\build\win64\game.dir\debug\game.tlog\link.read.1.tlog
d:\coding\git_repositories\ubisoft-next-2026\ubisofttorontoapi_dec102025update\build\win64\game.dir\debug\game.tlog\link.secondary.1.tlog
d:\coding\git_repositories\ubisoft-next-2026\ubisofttorontoapi_dec102025update\build\win64\game.dir\debug\game.tlog\link.write.1.tlog
